#
# There is insufficient memory for the Java Runtime Environment to continue.
# Native memory allocation (mmap) failed to map 94371840 bytes. Error detail: G1 virtual space
# Possible reasons:
#   The system is out of physical RAM or swap space
#   This process is running with CompressedOops enabled, and the Java Heap may be blocking the growth of the native heap
# Possible solutions:
#   Reduce memory load on the system
#   Increase physical memory or swap space
#   Check if swap backing store is full
#   Decrease Java heap size (-Xmx/-Xms)
#   Decrease number of Java threads
#   Decrease Java thread stack sizes (-Xss)
#   Set larger code cache with -XX:ReservedCodeCacheSize=
#   JVM is running with Unscaled Compressed Oops mode in which the Java heap is
#     placed in the first 4GB address space. The Java Heap base address is the
#     maximum limit for the native heap growth. Please use -XX:HeapBaseMinAddress
#     to set the Java Heap base and to place the Java Heap above 4GB virtual address.
# This output file may be truncated or incomplete.
#
#  Out of Memory Error (os_windows.cpp:3925), pid=10084, tid=10872
#
# JRE version: OpenJDK Runtime Environment (21.0.8) (build 21.0.8+-14196175-b1038.72)
# Java VM: OpenJDK 64-Bit Server VM (21.0.8+-14196175-b1038.72, mixed mode, tiered, compressed oops, compressed class ptrs, g1 gc, windows-amd64)
# No core dump will be written. Minidumps are not enabled by default on client versions of Windows
#

---------------  S U M M A R Y ------------

Command Line: org.jetbrains.kotlin.cli.jvm.K2JVMCompiler @C:\Users\davic\AndroidStudioProjects\Orbita\app\build\20251216_13582374680082747477.compiler.options

Host: 11th Gen Intel(R) Core(TM) i5-1135G7 @ 2.40GHz, 8 cores, 7G,  Windows 11 , 64 bit Build 26100 (10.0.26100.7309)
Time: Tue Dec 16 10:12:53 2025 Hora Padrão de Buenos Aires elapsed time: 6.550636 seconds (0d 0h 0m 6s)

---------------  T H R E A D  ---------------

Current thread (0x000001b977b5e0d0):  VMThread "VM Thread"          [id=10872, stack(0x00000080f1e00000,0x00000080f1f00000) (1024K)]

Stack: [0x00000080f1e00000,0x00000080f1f00000]
Native frames: (J=compiled Java code, j=interpreted, Vv=VM code, C=native code)
V  [jvm.dll+0x6d68d9]
V  [jvm.dll+0x866693]
V  [jvm.dll+0x868c4e]
V  [jvm.dll+0x869333]
V  [jvm.dll+0x280566]
V  [jvm.dll+0x6d3195]
V  [jvm.dll+0x6c69ea]
V  [jvm.dll+0x3586db]
V  [jvm.dll+0x360336]
V  [jvm.dll+0x3b23f6]
V  [jvm.dll+0x3b26c8]
V  [jvm.dll+0x32ae6c]
V  [jvm.dll+0x32aef7]
V  [jvm.dll+0x370d3c]
V  [jvm.dll+0x36f4ee]
V  [jvm.dll+0x32a5c1]
V  [jvm.dll+0x36ebf0]
V  [jvm.dll+0x86f0b8]
V  [jvm.dll+0x870434]
V  [jvm.dll+0x870970]
V  [jvm.dll+0x870c03]
V  [jvm.dll+0x80eac8]
V  [jvm.dll+0x6d512d]
C  [ucrtbase.dll+0x37b0]
C  [KERNEL32.DLL+0x2e8d7]
C  [ntdll.dll+0x8c53c]

VM_Operation (0x00000080f17f3da0): G1CollectForAllocation, mode: safepoint, requested by thread 0x000001b96f549940


---------------  P R O C E S S  ---------------

Threads class SMR info:
_java_thread_list=0x000001b97d991380, length=13, elements={
0x000001b96f549940, 0x000001b97c052610, 0x000001b97c065be0, 0x000001b97c054dc0,
0x000001b97c07f280, 0x000001b97c08e060, 0x000001b97c08e6d0, 0x000001b97c08f4e0,
0x000001b97c0902f0, 0x000001b97c093e90, 0x000001b97c23da30, 0x000001b97d531110,
0x000001b9119e7a70
}

Java Threads: ( => current thread )
  0x000001b96f549940 JavaThread "main"                              [_thread_blocked, id=15516, stack(0x00000080f1700000,0x00000080f1800000) (1024K)]
  0x000001b97c052610 JavaThread "Common-Cleaner"             daemon [_thread_blocked, id=13708, stack(0x00000080f1f00000,0x00000080f2000000) (1024K)]
  0x000001b97c065be0 JavaThread "Reference Handler"          daemon [_thread_blocked, id=8452, stack(0x00000080f2000000,0x00000080f2100000) (1024K)]
  0x000001b97c054dc0 JavaThread "Finalizer"                  daemon [_thread_blocked, id=19140, stack(0x00000080f2100000,0x00000080f2200000) (1024K)]
  0x000001b97c07f280 JavaThread "Signal Dispatcher"          daemon [_thread_blocked, id=15332, stack(0x00000080f2200000,0x00000080f2300000) (1024K)]
  0x000001b97c08e060 JavaThread "Attach Listener"            daemon [_thread_blocked, id=11416, stack(0x00000080f2300000,0x00000080f2400000) (1024K)]
  0x000001b97c08e6d0 JavaThread "Service Thread"             daemon [_thread_blocked, id=5424, stack(0x00000080f2400000,0x00000080f2500000) (1024K)]
  0x000001b97c08f4e0 JavaThread "Monitor Deflation Thread"   daemon [_thread_blocked, id=17484, stack(0x00000080f2500000,0x00000080f2600000) (1024K)]
  0x000001b97c0902f0 JavaThread "C2 CompilerThread0"         daemon [_thread_blocked, id=6520, stack(0x00000080f2600000,0x00000080f2700000) (1024K)]
  0x000001b97c093e90 JavaThread "C1 CompilerThread0"         daemon [_thread_blocked, id=6376, stack(0x00000080f2700000,0x00000080f2800000) (1024K)]
  0x000001b97c23da30 JavaThread "Notification Thread"        daemon [_thread_blocked, id=9084, stack(0x00000080f2800000,0x00000080f2900000) (1024K)]
  0x000001b97d531110 JavaThread "C2 CompilerThread1"         daemon [_thread_blocked, id=14412, stack(0x00000080f3100000,0x00000080f3200000) (1024K)]
  0x000001b9119e7a70 JavaThread "C2 CompilerThread2"         daemon [_thread_blocked, id=7296, stack(0x00000080f3200000,0x00000080f3300000) (1024K)]
Total: 13

Other Threads:
=>0x000001b977b5e0d0 VMThread "VM Thread"                           [id=10872, stack(0x00000080f1e00000,0x00000080f1f00000) (1024K)]
  0x000001b977acfe10 WatcherThread "VM Periodic Task Thread"        [id=17668, stack(0x00000080f1d00000,0x00000080f1e00000) (1024K)]
  0x000001b96f59e110 WorkerThread "GC Thread#0"                     [id=12116, stack(0x00000080f1800000,0x00000080f1900000) (1024K)]
  0x000001b97c9f5f20 WorkerThread "GC Thread#1"                     [id=19296, stack(0x00000080f2900000,0x00000080f2a00000) (1024K)]
  0x000001b97c9ee3a0 WorkerThread "GC Thread#2"                     [id=15724, stack(0x00000080f2a00000,0x00000080f2b00000) (1024K)]
  0x000001b97c9ef740 WorkerThread "GC Thread#3"                     [id=20384, stack(0x00000080f2b00000,0x00000080f2c00000) (1024K)]
  0x000001b97ca42990 WorkerThread "GC Thread#4"                     [id=18828, stack(0x00000080f2c00000,0x00000080f2d00000) (1024K)]
  0x000001b97ca42d30 WorkerThread "GC Thread#5"                     [id=16512, stack(0x00000080f2d00000,0x00000080f2e00000) (1024K)]
  0x000001b97cb39290 WorkerThread "GC Thread#6"                     [id=5172, stack(0x00000080f2e00000,0x00000080f2f00000) (1024K)]
  0x000001b97cb3a850 WorkerThread "GC Thread#7"                     [id=3936, stack(0x00000080f2f00000,0x00000080f3000000) (1024K)]
  0x000001b96f5aec10 ConcurrentGCThread "G1 Main Marker"            [id=19660, stack(0x00000080f1900000,0x00000080f1a00000) (1024K)]
  0x000001b96f5b1850 WorkerThread "G1 Conc#0"                       [id=15396, stack(0x00000080f1a00000,0x00000080f1b00000) (1024K)]
  0x000001b97cb399d0 WorkerThread "G1 Conc#1"                       [id=11500, stack(0x00000080f3000000,0x00000080f3100000) (1024K)]
  0x000001b97799f8f0 ConcurrentGCThread "G1 Refine#0"               [id=4796, stack(0x00000080f1b00000,0x00000080f1c00000) (1024K)]
  0x000001b9779a1ba0 ConcurrentGCThread "G1 Service"                [id=16844, stack(0x00000080f1c00000,0x00000080f1d00000) (1024K)]
Total: 15

Threads with active compile tasks:
C2 CompilerThread0  6569 6044       4       org.jetbrains.kotlin.cli.jvm.compiler.jarfs.FastJarVirtualFile::getPath (119 bytes)
C2 CompilerThread1  6569 5864       4       org.jetbrains.kotlin.cli.jvm.index.JvmDependenciesIndexImpl::search (374 bytes)
C2 CompilerThread2  6569 6048       4       java.util.regex.Matcher::find (69 bytes)
Total: 3

VM state: at safepoint (normal execution)

VM Mutex/Monitor currently owned by a thread:  ([mutex/lock_event])
[0x00007ffa917285b8] Threads_lock - owner thread: 0x000001b977b5e0d0
[0x00007ffa917286b8] Heap_lock - owner thread: 0x000001b96f549940

Heap address: 0x0000000083600000, size: 1994 MB, Compressed Oops mode: 32-bit

CDS archive(s) not mapped
Compressed class space mapped at: 0x0000000100000000-0x0000000140000000, reserved size: 1073741824
Narrow klass base: 0x0000000000000000, Narrow klass shift: 3, Narrow klass range: 0x140000000

GC Precious Log:
 CardTable entry size: 512
 Card Set container configuration: InlinePtr #cards 5 size 8 Array Of Cards #cards 12 size 40 Howl #buckets 4 coarsen threshold 1843 Howl Bitmap #cards 512 size 80 coarsen threshold 460 Card regions per heap region 1 cards per card region 2048
 CPUs: 8 total, 8 available
 Memory: 7975M
 Large Page Support: Disabled
 NUMA Support: Disabled
 Compressed Oops: Enabled (32-bit)
 Heap Region Size: 1M
 Heap Min Capacity: 8M
 Heap Initial Capacity: 126M
 Heap Max Capacity: 1994M
 Pre-touch: Disabled
 Parallel Workers: 8
 Concurrent Workers: 2
 Concurrent Refinement Workers: 8
 Periodic GC: Disabled

Heap:
 garbage-first heap   total 133120K, used 85504K [0x0000000083600000, 0x0000000100000000)
  region size 1024K, 4 young (4096K), 4 survivors (4096K)
 Metaspace       used 56779K, committed 57088K, reserved 1114112K
  class space    used 6646K, committed 6784K, reserved 1048576K

Heap Regions: E=young(eden), S=young(survivor), O=old, HS=humongous(starts), HC=humongous(continues), CS=collection set, F=free, TAMS=top-at-mark-start, PB=parsable bottom
|   0|0x0000000083600000, 0x0000000083700000, 0x0000000083700000|100%|HS|  |TAMS 0x0000000083700000| PB 0x0000000083600000| Complete 
|   1|0x0000000083700000, 0x0000000083800000, 0x0000000083800000|100%|HC|  |TAMS 0x0000000083800000| PB 0x0000000083700000| Complete 
|   2|0x0000000083800000, 0x0000000083900000, 0x0000000083900000|100%|HC|  |TAMS 0x0000000083900000| PB 0x0000000083800000| Complete 
|   3|0x0000000083900000, 0x0000000083a00000, 0x0000000083a00000|100%| O|  |TAMS 0x0000000083a00000| PB 0x0000000083900000| Untracked 
|   4|0x0000000083a00000, 0x0000000083b00000, 0x0000000083b00000|100%| O|  |TAMS 0x0000000083b00000| PB 0x0000000083a00000| Untracked 
|   5|0x0000000083b00000, 0x0000000083c00000, 0x0000000083c00000|100%| O|  |TAMS 0x0000000083c00000| PB 0x0000000083b00000| Untracked 
|   6|0x0000000083c00000, 0x0000000083d00000, 0x0000000083d00000|100%| O|  |TAMS 0x0000000083d00000| PB 0x0000000083c00000| Untracked 
|   7|0x0000000083d00000, 0x0000000083e00000, 0x0000000083e00000|100%| O|  |TAMS 0x0000000083e00000| PB 0x0000000083d00000| Untracked 
|   8|0x0000000083e00000, 0x0000000083f00000, 0x0000000083f00000|100%| O|  |TAMS 0x0000000083f00000| PB 0x0000000083e00000| Untracked 
|   9|0x0000000083f00000, 0x0000000084000000, 0x0000000084000000|100%| O|  |TAMS 0x0000000084000000| PB 0x0000000083f00000| Untracked 
|  10|0x0000000084000000, 0x0000000084100000, 0x0000000084100000|100%| O|  |TAMS 0x0000000084100000| PB 0x0000000084000000| Untracked 
|  11|0x0000000084100000, 0x0000000084200000, 0x0000000084200000|100%| O|  |TAMS 0x0000000084200000| PB 0x0000000084100000| Untracked 
|  12|0x0000000084200000, 0x0000000084300000, 0x0000000084300000|100%| O|  |TAMS 0x0000000084300000| PB 0x0000000084200000| Untracked 
|  13|0x0000000084300000, 0x0000000084400000, 0x0000000084400000|100%| O|  |TAMS 0x0000000084400000| PB 0x0000000084300000| Untracked 
|  14|0x0000000084400000, 0x0000000084500000, 0x0000000084500000|100%| O|  |TAMS 0x0000000084500000| PB 0x0000000084400000| Untracked 
|  15|0x0000000084500000, 0x0000000084600000, 0x0000000084600000|100%| O|  |TAMS 0x0000000084600000| PB 0x0000000084500000| Untracked 
|  16|0x0000000084600000, 0x0000000084700000, 0x0000000084700000|100%| O|  |TAMS 0x0000000084700000| PB 0x0000000084600000| Untracked 
|  17|0x0000000084700000, 0x0000000084800000, 0x0000000084800000|100%| O|  |TAMS 0x0000000084800000| PB 0x0000000084700000| Untracked 
|  18|0x0000000084800000, 0x0000000084900000, 0x0000000084900000|100%| O|  |TAMS 0x0000000084900000| PB 0x0000000084800000| Untracked 
|  19|0x0000000084900000, 0x0000000084a00000, 0x0000000084a00000|100%| O|  |TAMS 0x0000000084a00000| PB 0x0000000084900000| Untracked 
|  20|0x0000000084a00000, 0x0000000084b00000, 0x0000000084b00000|100%| O|  |TAMS 0x0000000084b00000| PB 0x0000000084a00000| Untracked 
|  21|0x0000000084b00000, 0x0000000084c00000, 0x0000000084c00000|100%| O|  |TAMS 0x0000000084c00000| PB 0x0000000084b00000| Untracked 
|  22|0x0000000084c00000, 0x0000000084d00000, 0x0000000084d00000|100%| O|  |TAMS 0x0000000084d00000| PB 0x0000000084c00000| Untracked 
|  23|0x0000000084d00000, 0x0000000084e00000, 0x0000000084e00000|100%| O|  |TAMS 0x0000000084e00000| PB 0x0000000084d00000| Untracked 
|  24|0x0000000084e00000, 0x0000000084f00000, 0x0000000084f00000|100%| O|  |TAMS 0x0000000084f00000| PB 0x0000000084e00000| Untracked 
|  25|0x0000000084f00000, 0x0000000085000000, 0x0000000085000000|100%| O|  |TAMS 0x0000000085000000| PB 0x0000000084f00000| Untracked 
|  26|0x0000000085000000, 0x0000000085100000, 0x0000000085100000|100%| O|  |TAMS 0x0000000085100000| PB 0x0000000085000000| Untracked 
|  27|0x0000000085100000, 0x0000000085200000, 0x0000000085200000|100%| O|  |TAMS 0x0000000085200000| PB 0x0000000085100000| Untracked 
|  28|0x0000000085200000, 0x0000000085300000, 0x0000000085300000|100%| O|  |TAMS 0x0000000085300000| PB 0x0000000085200000| Untracked 
|  29|0x0000000085300000, 0x0000000085400000, 0x0000000085400000|100%| O|  |TAMS 0x0000000085400000| PB 0x0000000085300000| Untracked 
|  30|0x0000000085400000, 0x0000000085500000, 0x0000000085500000|100%|HS|  |TAMS 0x0000000085500000| PB 0x0000000085400000| Complete 
|  31|0x0000000085500000, 0x0000000085600000, 0x0000000085600000|100%| O|  |TAMS 0x0000000085600000| PB 0x0000000085500000| Untracked 
|  32|0x0000000085600000, 0x0000000085700000, 0x0000000085700000|100%| O|  |TAMS 0x0000000085700000| PB 0x0000000085600000| Untracked 
|  33|0x0000000085700000, 0x0000000085800000, 0x0000000085800000|100%| O|  |TAMS 0x0000000085800000| PB 0x0000000085700000| Untracked 
|  34|0x0000000085800000, 0x0000000085900000, 0x0000000085900000|100%| O|  |TAMS 0x0000000085900000| PB 0x0000000085800000| Untracked 
|  35|0x0000000085900000, 0x0000000085a00000, 0x0000000085a00000|100%| O|  |TAMS 0x0000000085a00000| PB 0x0000000085900000| Untracked 
|  36|0x0000000085a00000, 0x0000000085b00000, 0x0000000085b00000|100%| O|  |TAMS 0x0000000085b00000| PB 0x0000000085a00000| Untracked 
|  37|0x0000000085b00000, 0x0000000085c00000, 0x0000000085c00000|100%| O|  |TAMS 0x0000000085c00000| PB 0x0000000085b00000| Untracked 
|  38|0x0000000085c00000, 0x0000000085d00000, 0x0000000085d00000|100%| O|  |TAMS 0x0000000085d00000| PB 0x0000000085c00000| Untracked 
|  39|0x0000000085d00000, 0x0000000085e00000, 0x0000000085e00000|100%| O|  |TAMS 0x0000000085e00000| PB 0x0000000085d00000| Untracked 
|  40|0x0000000085e00000, 0x0000000085f00000, 0x0000000085f00000|100%| O|  |TAMS 0x0000000085f00000| PB 0x0000000085e00000| Untracked 
|  41|0x0000000085f00000, 0x0000000086000000, 0x0000000086000000|100%| O|  |TAMS 0x0000000086000000| PB 0x0000000085f00000| Untracked 
|  42|0x0000000086000000, 0x0000000086100000, 0x0000000086100000|100%| O|  |TAMS 0x0000000086100000| PB 0x0000000086000000| Untracked 
|  43|0x0000000086100000, 0x0000000086200000, 0x0000000086200000|100%| O|  |TAMS 0x0000000086200000| PB 0x0000000086100000| Untracked 
|  44|0x0000000086200000, 0x0000000086300000, 0x0000000086300000|100%| O|  |TAMS 0x0000000086300000| PB 0x0000000086200000| Untracked 
|  45|0x0000000086300000, 0x0000000086400000, 0x0000000086400000|100%| O|  |TAMS 0x0000000086400000| PB 0x0000000086300000| Untracked 
|  46|0x0000000086400000, 0x0000000086500000, 0x0000000086500000|100%| O|  |TAMS 0x0000000086500000| PB 0x0000000086400000| Untracked 
|  47|0x0000000086500000, 0x0000000086600000, 0x0000000086600000|100%| O|  |TAMS 0x0000000086600000| PB 0x0000000086500000| Untracked 
|  48|0x0000000086600000, 0x0000000086700000, 0x0000000086700000|100%| O|  |TAMS 0x0000000086700000| PB 0x0000000086600000| Untracked 
|  49|0x0000000086700000, 0x0000000086800000, 0x0000000086800000|100%| O|  |TAMS 0x0000000086800000| PB 0x0000000086700000| Untracked 
|  50|0x0000000086800000, 0x0000000086900000, 0x0000000086900000|100%| O|  |TAMS 0x0000000086900000| PB 0x0000000086800000| Untracked 
|  51|0x0000000086900000, 0x0000000086a00000, 0x0000000086a00000|100%| O|  |TAMS 0x0000000086a00000| PB 0x0000000086900000| Untracked 
|  52|0x0000000086a00000, 0x0000000086b00000, 0x0000000086b00000|100%| O|  |TAMS 0x0000000086b00000| PB 0x0000000086a00000| Untracked 
|  53|0x0000000086b00000, 0x0000000086c00000, 0x0000000086c00000|100%| O|  |TAMS 0x0000000086c00000| PB 0x0000000086b00000| Untracked 
|  54|0x0000000086c00000, 0x0000000086d00000, 0x0000000086d00000|100%| O|  |TAMS 0x0000000086d00000| PB 0x0000000086c00000| Untracked 
|  55|0x0000000086d00000, 0x0000000086e00000, 0x0000000086e00000|100%| O|  |TAMS 0x0000000086e00000| PB 0x0000000086d00000| Untracked 
|  56|0x0000000086e00000, 0x0000000086f00000, 0x0000000086f00000|100%| O|  |TAMS 0x0000000086f00000| PB 0x0000000086e00000| Untracked 
|  57|0x0000000086f00000, 0x0000000087000000, 0x0000000087000000|100%| O|  |TAMS 0x0000000087000000| PB 0x0000000086f00000| Untracked 
|  58|0x0000000087000000, 0x0000000087100000, 0x0000000087100000|100%| O|  |TAMS 0x0000000087100000| PB 0x0000000087000000| Untracked 
|  59|0x0000000087100000, 0x0000000087200000, 0x0000000087200000|100%| O|  |TAMS 0x0000000087200000| PB 0x0000000087100000| Untracked 
|  60|0x0000000087200000, 0x0000000087300000, 0x0000000087300000|100%| O|  |TAMS 0x0000000087300000| PB 0x0000000087200000| Untracked 
|  61|0x0000000087300000, 0x0000000087400000, 0x0000000087400000|100%| O|  |TAMS 0x0000000087400000| PB 0x0000000087300000| Untracked 
|  62|0x0000000087400000, 0x0000000087500000, 0x0000000087500000|100%| O|  |TAMS 0x0000000087480000| PB 0x0000000087400000| Untracked 
|  63|0x0000000087500000, 0x0000000087600000, 0x0000000087600000|100%| O|  |TAMS 0x0000000087500000| PB 0x0000000087500000| Untracked 
|  64|0x0000000087600000, 0x0000000087700000, 0x0000000087700000|100%| O|  |TAMS 0x0000000087600000| PB 0x0000000087600000| Untracked 
|  65|0x0000000087700000, 0x0000000087800000, 0x0000000087800000|100%| O|  |TAMS 0x0000000087700000| PB 0x0000000087700000| Untracked 
|  66|0x0000000087800000, 0x0000000087900000, 0x0000000087900000|100%| O|  |TAMS 0x0000000087800000| PB 0x0000000087800000| Untracked 
|  67|0x0000000087900000, 0x0000000087a00000, 0x0000000087a00000|100%| O|  |TAMS 0x0000000087900000| PB 0x0000000087900000| Untracked 
|  68|0x0000000087a00000, 0x0000000087b00000, 0x0000000087b00000|100%| O|  |TAMS 0x0000000087a00000| PB 0x0000000087a00000| Untracked 
|  69|0x0000000087b00000, 0x0000000087c00000, 0x0000000087c00000|100%| O|  |TAMS 0x0000000087b00000| PB 0x0000000087b00000| Untracked 
|  70|0x0000000087c00000, 0x0000000087d00000, 0x0000000087d00000|100%| O|  |TAMS 0x0000000087c00000| PB 0x0000000087c00000| Untracked 
|  71|0x0000000087d00000, 0x0000000087e00000, 0x0000000087e00000|100%| O|  |TAMS 0x0000000087d00000| PB 0x0000000087d00000| Untracked 
|  72|0x0000000087e00000, 0x0000000087f00000, 0x0000000087f00000|100%| O|  |TAMS 0x0000000087e00000| PB 0x0000000087e00000| Untracked 
|  73|0x0000000087f00000, 0x0000000088000000, 0x0000000088000000|100%| O|  |TAMS 0x0000000087f00000| PB 0x0000000087f00000| Untracked 
|  74|0x0000000088000000, 0x0000000088100000, 0x0000000088100000|100%| O|  |TAMS 0x0000000088000000| PB 0x0000000088000000| Untracked 
|  75|0x0000000088100000, 0x0000000088200000, 0x0000000088200000|100%| O|  |TAMS 0x0000000088100000| PB 0x0000000088100000| Untracked 
|  76|0x0000000088200000, 0x0000000088280000, 0x0000000088300000| 50%| O|  |TAMS 0x0000000088200000| PB 0x0000000088200000| Untracked 
|  77|0x0000000088300000, 0x0000000088300000, 0x0000000088400000|  0%| F|  |TAMS 0x0000000088300000| PB 0x0000000088300000| Untracked 
|  78|0x0000000088400000, 0x0000000088400000, 0x0000000088500000|  0%| F|  |TAMS 0x0000000088400000| PB 0x0000000088400000| Untracked 
|  79|0x0000000088500000, 0x0000000088500000, 0x0000000088600000|  0%| F|  |TAMS 0x0000000088500000| PB 0x0000000088500000| Untracked 
|  80|0x0000000088600000, 0x0000000088600000, 0x0000000088700000|  0%| F|  |TAMS 0x0000000088600000| PB 0x0000000088600000| Untracked 
|  81|0x0000000088700000, 0x0000000088700000, 0x0000000088800000|  0%| F|  |TAMS 0x0000000088700000| PB 0x0000000088700000| Untracked 
|  82|0x0000000088800000, 0x0000000088800000, 0x0000000088900000|  0%| F|  |TAMS 0x0000000088800000| PB 0x0000000088800000| Untracked 
|  83|0x0000000088900000, 0x0000000088900000, 0x0000000088a00000|  0%| F|  |TAMS 0x0000000088900000| PB 0x0000000088900000| Untracked 
|  84|0x0000000088a00000, 0x0000000088a00000, 0x0000000088b00000|  0%| F|  |TAMS 0x0000000088a00000| PB 0x0000000088a00000| Untracked 
|  85|0x0000000088b00000, 0x0000000088b00000, 0x0000000088c00000|  0%| F|  |TAMS 0x0000000088b00000| PB 0x0000000088b00000| Untracked 
|  86|0x0000000088c00000, 0x0000000088c00000, 0x0000000088d00000|  0%| F|  |TAMS 0x0000000088c00000| PB 0x0000000088c00000| Untracked 
|  87|0x0000000088d00000, 0x0000000088e00000, 0x0000000088e00000|100%| S|CS|TAMS 0x0000000088d00000| PB 0x0000000088d00000| Complete 
|  88|0x0000000088e00000, 0x0000000088f00000, 0x0000000088f00000|100%| S|CS|TAMS 0x0000000088e00000| PB 0x0000000088e00000| Complete 
|  89|0x0000000088f00000, 0x0000000089000000, 0x0000000089000000|100%| S|CS|TAMS 0x0000000088f00000| PB 0x0000000088f00000| Complete 
|  90|0x0000000089000000, 0x0000000089100000, 0x0000000089100000|100%| S|CS|TAMS 0x0000000089000000| PB 0x0000000089000000| Complete 
|  91|0x0000000089100000, 0x0000000089100000, 0x0000000089200000|  0%| F|  |TAMS 0x0000000089100000| PB 0x0000000089100000| Untracked 
|  92|0x0000000089200000, 0x0000000089200000, 0x0000000089300000|  0%| F|  |TAMS 0x0000000089200000| PB 0x0000000089200000| Untracked 
|  93|0x0000000089300000, 0x0000000089300000, 0x0000000089400000|  0%| F|  |TAMS 0x0000000089300000| PB 0x0000000089300000| Untracked 
|  94|0x0000000089400000, 0x0000000089400000, 0x0000000089500000|  0%| F|  |TAMS 0x0000000089400000| PB 0x0000000089400000| Untracked 
|  95|0x0000000089500000, 0x0000000089500000, 0x0000000089600000|  0%| F|  |TAMS 0x0000000089500000| PB 0x0000000089500000| Untracked 
|  96|0x0000000089600000, 0x0000000089600000, 0x0000000089700000|  0%| F|  |TAMS 0x0000000089600000| PB 0x0000000089600000| Untracked 
|  97|0x0000000089700000, 0x0000000089700000, 0x0000000089800000|  0%| F|  |TAMS 0x0000000089700000| PB 0x0000000089700000| Untracked 
|  98|0x0000000089800000, 0x0000000089800000, 0x0000000089900000|  0%| F|  |TAMS 0x0000000089800000| PB 0x0000000089800000| Untracked 
|  99|0x0000000089900000, 0x0000000089900000, 0x0000000089a00000|  0%| F|  |TAMS 0x0000000089900000| PB 0x0000000089900000| Untracked 
| 100|0x0000000089a00000, 0x0000000089a00000, 0x0000000089b00000|  0%| F|  |TAMS 0x0000000089a00000| PB 0x0000000089a00000| Untracked 
| 101|0x0000000089b00000, 0x0000000089b00000, 0x0000000089c00000|  0%| F|  |TAMS 0x0000000089b00000| PB 0x0000000089b00000| Untracked 
| 102|0x0000000089c00000, 0x0000000089c00000, 0x0000000089d00000|  0%| F|  |TAMS 0x0000000089c00000| PB 0x0000000089c00000| Untracked 
| 103|0x0000000089d00000, 0x0000000089d00000, 0x0000000089e00000|  0%| F|  |TAMS 0x0000000089d00000| PB 0x0000000089d00000| Untracked 
| 104|0x0000000089e00000, 0x0000000089e00000, 0x0000000089f00000|  0%| F|  |TAMS 0x0000000089e00000| PB 0x0000000089e00000| Untracked 
| 105|0x0000000089f00000, 0x0000000089f00000, 0x000000008a000000|  0%| F|  |TAMS 0x0000000089f00000| PB 0x0000000089f00000| Untracked 
| 106|0x000000008a000000, 0x000000008a000000, 0x000000008a100000|  0%| F|  |TAMS 0x000000008a000000| PB 0x000000008a000000| Untracked 
| 107|0x000000008a100000, 0x000000008a100000, 0x000000008a200000|  0%| F|  |TAMS 0x000000008a100000| PB 0x000000008a100000| Untracked 
| 108|0x000000008a200000, 0x000000008a200000, 0x000000008a300000|  0%| F|  |TAMS 0x000000008a200000| PB 0x000000008a200000| Untracked 
| 109|0x000000008a300000, 0x000000008a300000, 0x000000008a400000|  0%| F|  |TAMS 0x000000008a300000| PB 0x000000008a300000| Untracked 
| 110|0x000000008a400000, 0x000000008a400000, 0x000000008a500000|  0%| F|  |TAMS 0x000000008a400000| PB 0x000000008a400000| Untracked 
| 111|0x000000008a500000, 0x000000008a500000, 0x000000008a600000|  0%| F|  |TAMS 0x000000008a500000| PB 0x000000008a500000| Untracked 
| 112|0x000000008a600000, 0x000000008a600000, 0x000000008a700000|  0%| F|  |TAMS 0x000000008a600000| PB 0x000000008a600000| Untracked 
| 113|0x000000008a700000, 0x000000008a700000, 0x000000008a800000|  0%| F|  |TAMS 0x000000008a700000| PB 0x000000008a700000| Untracked 
| 114|0x000000008a800000, 0x000000008a800000, 0x000000008a900000|  0%| F|  |TAMS 0x000000008a800000| PB 0x000000008a800000| Untracked 
| 115|0x000000008a900000, 0x000000008a900000, 0x000000008aa00000|  0%| F|  |TAMS 0x000000008a900000| PB 0x000000008a900000| Untracked 
| 116|0x000000008aa00000, 0x000000008aa00000, 0x000000008ab00000|  0%| F|  |TAMS 0x000000008aa00000| PB 0x000000008aa00000| Untracked 
| 117|0x000000008ab00000, 0x000000008ab00000, 0x000000008ac00000|  0%| F|  |TAMS 0x000000008ab00000| PB 0x000000008ab00000| Untracked 
| 118|0x000000008ac00000, 0x000000008ac00000, 0x000000008ad00000|  0%| F|  |TAMS 0x000000008ac00000| PB 0x000000008ac00000| Untracked 
| 119|0x000000008ad00000, 0x000000008ad00000, 0x000000008ae00000|  0%| F|  |TAMS 0x000000008ad00000| PB 0x000000008ad00000| Untracked 
| 120|0x000000008ae00000, 0x000000008ae00000, 0x000000008af00000|  0%| F|  |TAMS 0x000000008ae00000| PB 0x000000008ae00000| Untracked 
| 121|0x000000008af00000, 0x000000008af00000, 0x000000008b000000|  0%| F|  |TAMS 0x000000008af00000| PB 0x000000008af00000| Untracked 
| 122|0x000000008b000000, 0x000000008b000000, 0x000000008b100000|  0%| F|  |TAMS 0x000000008b000000| PB 0x000000008b000000| Untracked 
| 123|0x000000008b100000, 0x000000008b100000, 0x000000008b200000|  0%| F|  |TAMS 0x000000008b100000| PB 0x000000008b100000| Untracked 
| 124|0x000000008b200000, 0x000000008b200000, 0x000000008b300000|  0%| F|  |TAMS 0x000000008b200000| PB 0x000000008b200000| Untracked 
| 125|0x000000008b300000, 0x000000008b300000, 0x000000008b400000|  0%| F|  |TAMS 0x000000008b300000| PB 0x000000008b300000| Untracked 
|1990|0x00000000ffc00000, 0x00000000ffc00000, 0x00000000ffd00000|  0%| F|  |TAMS 0x00000000ffc00000| PB 0x00000000ffc00000| Untracked 
|1991|0x00000000ffd00000, 0x00000000ffe00000, 0x00000000ffe00000|100%| O|  |TAMS 0x00000000ffe00000| PB 0x00000000ffd00000| Untracked 
|1992|0x00000000ffe00000, 0x00000000fff00000, 0x00000000fff00000|100%| O|  |TAMS 0x00000000fff00000| PB 0x00000000ffe00000| Untracked 
|1993|0x00000000fff00000, 0x0000000100000000, 0x0000000100000000|100%| O|  |TAMS 0x0000000100000000| PB 0x00000000fff00000| Untracked 

Card table byte_map: [0x000001b972dc0000,0x000001b9731b0000] _byte_map_base: 0x000001b9729a5000

Marking Bits: (CMBitMap*) 0x000001b96f59e720
 Bits: [0x000001b9731b0000, 0x000001b9750d8000)

Polling page: 0x000001b96d740000

Metaspace:

Usage:
  Non-class:     48.96 MB used.
      Class:      6.49 MB used.
       Both:     55.45 MB used.

Virtual space:
  Non-class space:       64.00 MB reserved,      49.12 MB ( 77%) committed,  1 nodes.
      Class space:        1.00 GB reserved,       6.62 MB ( <1%) committed,  1 nodes.
             Both:        1.06 GB reserved,      55.75 MB (  5%) committed. 

Chunk freelists:
   Non-Class:  14.72 MB
       Class:  9.39 MB
        Both:  24.11 MB

MaxMetaspaceSize: unlimited
CompressedClassSpaceSize: 1.00 GB
Initial GC threshold: 21.00 MB
Current GC threshold: 83.12 MB
CDS: off
 - commit_granule_bytes: 65536.
 - commit_granule_words: 8192.
 - virtual_space_node_default_size: 8388608.
 - enlarge_chunks_in_place: 1.
 - use_allocation_guard: 0.


Internal statistics:

num_allocs_failed_limit: 6.
num_arena_births: 276.
num_arena_deaths: 0.
num_vsnodes_births: 2.
num_vsnodes_deaths: 0.
num_space_committed: 891.
num_space_uncommitted: 0.
num_chunks_returned_to_freelist: 6.
num_chunks_taken_from_freelist: 1964.
num_chunk_merges: 6.
num_chunk_splits: 1634.
num_chunks_enlarged: 1463.
num_inconsistent_stats: 0.

CodeHeap 'non-profiled nmethods': size=120000Kb used=3178Kb max_used=3178Kb free=116821Kb
 bounds [0x000001b907ad0000, 0x000001b907df0000, 0x000001b90f000000]
CodeHeap 'profiled nmethods': size=120000Kb used=13777Kb max_used=13777Kb free=106222Kb
 bounds [0x000001b900000000, 0x000001b900d80000, 0x000001b907530000]
CodeHeap 'non-nmethods': size=5760Kb used=1807Kb max_used=1872Kb free=3952Kb
 bounds [0x000001b907530000, 0x000001b9077a0000, 0x000001b907ad0000]
CodeCache: size=245760Kb, used=18762Kb, max_used=18827Kb, free=226995Kb
 total_blobs=6226, nmethods=5550, adapters=579, full_count=0
Compilation: enabled, stopped_count=0, restarted_count=0

Compilation events (20 events):
Event: 5.460 Thread 0x000001b97c0902f0 nmethod 6033 0x000001b907de4610 code [0x000001b907de47a0, 0x000001b907de4838]
Event: 5.460 Thread 0x000001b97c0902f0 6035       4       java.util.concurrent.atomic.AtomicInteger::incrementAndGet (14 bytes)
Event: 5.460 Thread 0x000001b97c0902f0 nmethod 6035 0x000001b907de4910 code [0x000001b907de4aa0, 0x000001b907de4b38]
Event: 5.460 Thread 0x000001b97c0902f0 6032       4       java.lang.StringBuilder::append (10 bytes)
Event: 5.464 Thread 0x000001b9119e7a70 nmethod 6040 0x000001b907de4c10 code [0x000001b907de4de0, 0x000001b907de5130]
Event: 5.464 Thread 0x000001b9119e7a70 6036       4       java.lang.String::subSequence (7 bytes)
Event: 5.465 Thread 0x000001b97c0902f0 nmethod 6032 0x000001b907de5590 code [0x000001b907de5780, 0x000001b907de5cf8]
Event: 5.465 Thread 0x000001b97c0902f0 6043       4       kotlin.text.StringsKt__StringsKt::indexOf (57 bytes)
Event: 5.467 Thread 0x000001b97c0902f0 nmethod 6043 0x000001b907de6190 code [0x000001b907de6340, 0x000001b907de6768]
Event: 5.467 Thread 0x000001b97c0902f0 6039       4       org.jetbrains.kotlin.load.kotlin.header.ReadKotlinClassHeaderAnnotationVisitor$KotlinMetadataArgumentVisitor::visitEnd (1 bytes)
Event: 5.467 Thread 0x000001b97c0902f0 nmethod 6039 0x000001b907de6a90 code [0x000001b907de6c20, 0x000001b907de6ca8]
Event: 5.467 Thread 0x000001b97c0902f0 6044       4       org.jetbrains.kotlin.cli.jvm.compiler.jarfs.FastJarVirtualFile::getPath (119 bytes)
Event: 5.472 Thread 0x000001b9119e7a70 nmethod 6036 0x000001b907de6d90 code [0x000001b907de6f60, 0x000001b907de76b8]
Event: 5.473 Thread 0x000001b9119e7a70 6046       4       org.jetbrains.kotlin.protobuf.FieldSet::isInitialized (133 bytes)
Event: 5.481 Thread 0x000001b9119e7a70 nmethod 6046 0x000001b907de7a10 code [0x000001b907de7c40, 0x000001b907de80f8]
Event: 5.481 Thread 0x000001b9119e7a70 6050       4       org.jetbrains.kotlin.metadata.jvm.deserialization.JvmNameResolverKt::toExpandedRecordsList (106 bytes)
Event: 5.504 Thread 0x000001b9119e7a70 nmethod 6050 0x000001b907de8710 code [0x000001b907de8980, 0x000001b907de9a48]
Event: 5.504 Thread 0x000001b9119e7a70 6049       4       org.jetbrains.kotlin.name.FqNameUnsafe$1::invoke (9 bytes)
Event: 5.507 Thread 0x000001b9119e7a70 nmethod 6049 0x000001b907dea590 code [0x000001b907dea740, 0x000001b907dea908]
Event: 5.507 Thread 0x000001b9119e7a70 6048       4       java.util.regex.Matcher::find (69 bytes)

GC Heap History (20 events):
Event: 2.979 GC heap after
{Heap after GC invocations=12 (full 0):
 garbage-first heap   total 61440K, used 28890K [0x0000000083600000, 0x0000000100000000)
  region size 1024K, 3 young (3072K), 3 survivors (3072K)
 Metaspace       used 44582K, committed 44800K, reserved 1114112K
  class space    used 5326K, committed 5440K, reserved 1048576K
}
Event: 3.176 GC heap before
{Heap before GC invocations=12 (full 0):
 garbage-first heap   total 61440K, used 42202K [0x0000000083600000, 0x0000000100000000)
  region size 1024K, 18 young (18432K), 3 survivors (3072K)
 Metaspace       used 47447K, committed 47616K, reserved 1114112K
  class space    used 5639K, committed 5696K, reserved 1048576K
}
Event: 3.184 GC heap after
{Heap after GC invocations=13 (full 0):
 garbage-first heap   total 73728K, used 30783K [0x0000000083600000, 0x0000000100000000)
  region size 1024K, 2 young (2048K), 2 survivors (2048K)
 Metaspace       used 47447K, committed 47616K, reserved 1114112K
  class space    used 5639K, committed 5696K, reserved 1048576K
}
Event: 3.526 GC heap before
{Heap before GC invocations=14 (full 0):
 garbage-first heap   total 73728K, used 58431K [0x0000000083600000, 0x0000000100000000)
  region size 1024K, 30 young (30720K), 2 survivors (2048K)
 Metaspace       used 49044K, committed 49344K, reserved 1114112K
  class space    used 5800K, committed 5952K, reserved 1048576K
}
Event: 3.537 GC heap after
{Heap after GC invocations=15 (full 0):
 garbage-first heap   total 73728K, used 37888K [0x0000000083600000, 0x0000000100000000)
  region size 1024K, 4 young (4096K), 4 survivors (4096K)
 Metaspace       used 49044K, committed 49344K, reserved 1114112K
  class space    used 5800K, committed 5952K, reserved 1048576K
}
Event: 3.777 GC heap before
{Heap before GC invocations=15 (full 0):
 garbage-first heap   total 73728K, used 61440K [0x0000000083600000, 0x0000000100000000)
  region size 1024K, 26 young (26624K), 4 survivors (4096K)
 Metaspace       used 50300K, committed 50560K, reserved 1114112K
  class space    used 5920K, committed 6080K, reserved 1048576K
}
Event: 3.795 GC heap after
{Heap after GC invocations=16 (full 0):
 garbage-first heap   total 73728K, used 46080K [0x0000000083600000, 0x0000000100000000)
  region size 1024K, 4 young (4096K), 4 survivors (4096K)
 Metaspace       used 50300K, committed 50560K, reserved 1114112K
  class space    used 5920K, committed 6080K, reserved 1048576K
}
Event: 3.879 GC heap before
{Heap before GC invocations=16 (full 0):
 garbage-first heap   total 73728K, used 62464K [0x0000000083600000, 0x0000000100000000)
  region size 1024K, 20 young (20480K), 4 survivors (4096K)
 Metaspace       used 50719K, committed 51008K, reserved 1114112K
  class space    used 5949K, committed 6080K, reserved 1048576K
}
Event: 3.889 GC heap after
{Heap after GC invocations=17 (full 0):
 garbage-first heap   total 73728K, used 52224K [0x0000000083600000, 0x0000000100000000)
  region size 1024K, 3 young (3072K), 3 survivors (3072K)
 Metaspace       used 50719K, committed 51008K, reserved 1114112K
  class space    used 5949K, committed 6080K, reserved 1048576K
}
Event: 4.133 GC heap before
{Heap before GC invocations=18 (full 0):
 garbage-first heap   total 87040K, used 64512K [0x0000000083600000, 0x0000000100000000)
  region size 1024K, 15 young (15360K), 3 survivors (3072K)
 Metaspace       used 51830K, committed 52160K, reserved 1114112K
  class space    used 6111K, committed 6272K, reserved 1048576K
}
Event: 4.143 GC heap after
{Heap after GC invocations=19 (full 0):
 garbage-first heap   total 87040K, used 54784K [0x0000000083600000, 0x0000000100000000)
  region size 1024K, 2 young (2048K), 2 survivors (2048K)
 Metaspace       used 51830K, committed 52160K, reserved 1114112K
  class space    used 6111K, committed 6272K, reserved 1048576K
}
Event: 4.306 GC heap before
{Heap before GC invocations=19 (full 0):
 garbage-first heap   total 87040K, used 73216K [0x0000000083600000, 0x0000000100000000)
  region size 1024K, 20 young (20480K), 2 survivors (2048K)
 Metaspace       used 53511K, committed 53824K, reserved 1114112K
  class space    used 6275K, committed 6400K, reserved 1048576K
}
Event: 4.313 GC heap after
{Heap after GC invocations=20 (full 0):
 garbage-first heap   total 123904K, used 58091K [0x0000000083600000, 0x0000000100000000)
  region size 1024K, 3 young (3072K), 3 survivors (3072K)
 Metaspace       used 53511K, committed 53824K, reserved 1114112K
  class space    used 6275K, committed 6400K, reserved 1048576K
}
Event: 5.067 GC heap before
{Heap before GC invocations=20 (full 0):
 garbage-first heap   total 123904K, used 97003K [0x0000000083600000, 0x0000000100000000)
  region size 1024K, 41 young (41984K), 3 survivors (3072K)
 Metaspace       used 56325K, committed 56640K, reserved 1114112K
  class space    used 6618K, committed 6784K, reserved 1048576K
}
Event: 5.084 GC heap after
{Heap after GC invocations=21 (full 0):
 garbage-first heap   total 123904K, used 65536K [0x0000000083600000, 0x0000000100000000)
  region size 1024K, 6 young (6144K), 6 survivors (6144K)
 Metaspace       used 56325K, committed 56640K, reserved 1114112K
  class space    used 6618K, committed 6784K, reserved 1048576K
}
Event: 5.361 GC heap before
{Heap before GC invocations=21 (full 0):
 garbage-first heap   total 123904K, used 99328K [0x0000000083600000, 0x0000000100000000)
  region size 1024K, 39 young (39936K), 6 survivors (6144K)
 Metaspace       used 56779K, committed 57088K, reserved 1114112K
  class space    used 6646K, committed 6784K, reserved 1048576K
}
Event: 5.376 GC heap after
{Heap after GC invocations=22 (full 0):
 garbage-first heap   total 123904K, used 72192K [0x0000000083600000, 0x0000000100000000)
  region size 1024K, 5 young (5120K), 5 survivors (5120K)
 Metaspace       used 56779K, committed 57088K, reserved 1114112K
  class space    used 6646K, committed 6784K, reserved 1048576K
}
Event: 5.435 GC heap before
{Heap before GC invocations=22 (full 0):
 garbage-first heap   total 123904K, used 103936K [0x0000000083600000, 0x0000000100000000)
  region size 1024K, 36 young (36864K), 5 survivors (5120K)
 Metaspace       used 56779K, committed 57088K, reserved 1114112K
  class space    used 6646K, committed 6784K, reserved 1048576K
}
Event: 5.448 GC heap after
{Heap after GC invocations=23 (full 0):
 garbage-first heap   total 123904K, used 79360K [0x0000000083600000, 0x0000000100000000)
  region size 1024K, 5 young (5120K), 5 survivors (5120K)
 Metaspace       used 56779K, committed 57088K, reserved 1114112K
  class space    used 6646K, committed 6784K, reserved 1048576K
}
Event: 5.512 GC heap before
{Heap before GC invocations=23 (full 0):
 garbage-first heap   total 123904K, used 107008K [0x0000000083600000, 0x0000000100000000)
  region size 1024K, 32 young (32768K), 5 survivors (5120K)
 Metaspace       used 56779K, committed 57088K, reserved 1114112K
  class space    used 6646K, committed 6784K, reserved 1048576K
}

Dll operation events (3 events):
Event: 0.012 Loaded shared library C:\Program Files\Android\Android Studio\jbr\bin\java.dll
Event: 0.020 Loaded shared library C:\Program Files\Android\Android Studio\jbr\bin\zip.dll
Event: 1.277 Loaded shared library C:\Program Files\Android\Android Studio\jbr\bin\verify.dll

Deoptimization events (20 events):
Event: 5.294 Thread 0x000001b96f549940 Uncommon trap: trap_request=0xffffff45 fr.pc=0x000001b907cecd24 relative=0x0000000000000844
Event: 5.294 Thread 0x000001b96f549940 Uncommon trap: reason=unstable_if action=reinterpret pc=0x000001b907cecd24 method=org.jetbrains.kotlin.metadata.ProtoBuf$Type.hasOuterType()Z @ 11 c2
Event: 5.294 Thread 0x000001b96f549940 DEOPT PACKING pc=0x000001b907cecd24 sp=0x00000080f17f5b60
Event: 5.294 Thread 0x000001b96f549940 DEOPT UNPACKING pc=0x000001b907587da2 sp=0x00000080f17f5a58 mode 2
Event: 5.306 Thread 0x000001b96f549940 Uncommon trap: trap_request=0xffffff45 fr.pc=0x000001b907db8fd4 relative=0x0000000000000614
Event: 5.306 Thread 0x000001b96f549940 Uncommon trap: reason=unstable_if action=reinterpret pc=0x000001b907db8fd4 method=kotlin.ranges.RangesKt___RangesKt.coerceAtMost(II)I @ 2 c2
Event: 5.306 Thread 0x000001b96f549940 DEOPT PACKING pc=0x000001b907db8fd4 sp=0x00000080f17f6d10
Event: 5.306 Thread 0x000001b96f549940 DEOPT UNPACKING pc=0x000001b907587da2 sp=0x00000080f17f6bd8 mode 2
Event: 5.419 Thread 0x000001b96f549940 DEOPT PACKING pc=0x000001b90008b8a2 sp=0x00000080f17f5120
Event: 5.419 Thread 0x000001b96f549940 DEOPT UNPACKING pc=0x000001b9075888e2 sp=0x00000080f17f45b8 mode 0
Event: 5.433 Thread 0x000001b96f549940 DEOPT PACKING pc=0x000001b90008b8a2 sp=0x00000080f17f5120
Event: 5.433 Thread 0x000001b96f549940 DEOPT UNPACKING pc=0x000001b9075888e2 sp=0x00000080f17f45b8 mode 0
Event: 5.455 Thread 0x000001b96f549940 Uncommon trap: trap_request=0xffffff5c fr.pc=0x000001b907ddb9d4 relative=0x00000000000000f4
Event: 5.455 Thread 0x000001b96f549940 Uncommon trap: reason=speculate_null_check action=make_not_entrant pc=0x000001b907ddb9d4 method=org.jetbrains.kotlin.com.intellij.openapi.vfs.VfsUtilCore.isAncestor(Lorg/jetbrains/kotlin/com/intellij/openapi/vfs/VirtualFile;Lorg/jetbrains/kotlin/com/intel
Event: 5.455 Thread 0x000001b96f549940 DEOPT PACKING pc=0x000001b907ddb9d4 sp=0x00000080f17f5120
Event: 5.455 Thread 0x000001b96f549940 DEOPT UNPACKING pc=0x000001b907587da2 sp=0x00000080f17f5048 mode 2
Event: 5.456 Thread 0x000001b96f549940 Uncommon trap: trap_request=0xffffff5c fr.pc=0x000001b907dd8b40 relative=0x0000000000000160
Event: 5.456 Thread 0x000001b96f549940 Uncommon trap: reason=speculate_null_check action=make_not_entrant pc=0x000001b907dd8b40 method=org.jetbrains.kotlin.com.intellij.openapi.vfs.VfsUtilCore.isAncestor(Lorg/jetbrains/kotlin/com/intellij/openapi/vfs/VirtualFile;Lorg/jetbrains/kotlin/com/intel
Event: 5.456 Thread 0x000001b96f549940 DEOPT PACKING pc=0x000001b907dd8b40 sp=0x00000080f17f5110
Event: 5.456 Thread 0x000001b96f549940 DEOPT UNPACKING pc=0x000001b907587da2 sp=0x00000080f17f5048 mode 2

Classes loaded (20 events):
Event: 3.136 Loading class java/lang/Override
Event: 3.137 Loading class java/lang/Override done
Event: 3.505 Loading class java/text/StringCharacterIterator
Event: 3.505 Loading class java/text/CharacterIterator
Event: 3.505 Loading class java/text/CharacterIterator done
Event: 3.505 Loading class java/text/StringCharacterIterator done
Event: 3.678 Loading class java/util/ArrayList$SubList$1
Event: 3.678 Loading class java/util/ArrayList$SubList$1 done
Event: 3.741 Loading class java/util/AbstractList$ListItr
Event: 3.741 Loading class java/util/AbstractList$ListItr done
Event: 4.077 Loading class java/util/AbstractMap$SimpleImmutableEntry
Event: 4.077 Loading class java/util/AbstractMap$SimpleImmutableEntry done
Event: 4.150 Loading class java/security/CodeSigner
Event: 4.150 Loading class java/security/CodeSigner done
Event: 4.379 Loading class java/util/AbstractList$RandomAccessSubList
Event: 4.379 Loading class java/util/AbstractList$SubList
Event: 4.379 Loading class java/util/AbstractList$SubList done
Event: 4.379 Loading class java/util/AbstractList$RandomAccessSubList done
Event: 4.397 Loading class java/util/AbstractList$SubList$1
Event: 4.397 Loading class java/util/AbstractList$SubList$1 done

Classes unloaded (0 events):
No events

Classes redefined (0 events):
No events

Internal exceptions (20 events):
Event: 2.572 Thread 0x000001b96f549940 Exception <a 'java/lang/NoSuchMethodError'{0x00000000ffcf6678}: 'java.lang.Object java.lang.invoke.DirectMethodHandle$Holder.newInvokeSpecial(java.lang.Object, java.lang.Object, int)'> (0x00000000ffcf6678) 
thrown [s\src\hotspot\share\interpreter\linkResolver.cpp, line 784]
Event: 2.786 Thread 0x000001b96f549940 Implicit null exception at 0x000001b907bd96c0 to 0x000001b907bda32c
Event: 2.786 Thread 0x000001b96f549940 Implicit null exception at 0x000001b907bc4bda to 0x000001b907bc4cd8
Event: 3.424 Thread 0x000001b96f549940 Exception <a 'java/lang/NoSuchMethodError'{0x0000000086328178}: 'java.lang.Object java.lang.invoke.DirectMethodHandle$Holder.newInvokeSpecial(java.lang.Object, java.lang.Object, java.lang.Object, int, java.lang.Object)'> (0x0000000086328178) 
thrown [s\src\hotspot\share\interpreter\linkResolver.cpp, line 784]
Event: 4.145 Thread 0x000001b96f549940 Exception <a 'java/lang/NoSuchMethodError'{0x00000000ffc14460}: 'java.lang.Object java.lang.invoke.DirectMethodHandle$Holder.newInvokeSpecial(java.lang.Object, java.lang.Object, java.lang.Object, java.lang.Object, int, java.lang.Object, java.lang.Object)'> (0x00000000ffc14460) 
thrown [s\src\hotspot\share\interpreter\linkResolver.cpp, line 784]
Event: 4.145 Thread 0x000001b96f549940 Exception <a 'java/lang/NoSuchMethodError'{0x00000000ffc1c640}: 'java.lang.Object java.lang.invoke.Invokers$Holder.linkToTargetMethod(java.lang.Object, java.lang.Object, java.lang.Object, int, java.lang.Object, java.lang.Object, java.lang.Object)'> (0x00000000ffc1c640) 
thrown [s\src\hotspot\share\interpreter\linkResolver.cpp, line 784]
Event: 4.336 Thread 0x000001b96f549940 Exception <a 'java/lang/NoSuchMethodError'{0x000000008b35bac8}: 'java.lang.Object java.lang.invoke.DirectMethodHandle$Holder.invokeSpecial(java.lang.Object, java.lang.Object, int, java.lang.Object, java.lang.Object)'> (0x000000008b35bac8) 
thrown [s\src\hotspot\share\interpreter\linkResolver.cpp, line 784]
Event: 4.388 Thread 0x000001b96f549940 Exception <a 'java/lang/NoSuchMethodError'{0x000000008a7ae3d8}: 'java.lang.Object java.lang.invoke.DirectMethodHandle$Holder.invokeStatic(java.lang.Object, int, java.lang.Object, java.lang.Object)'> (0x000000008a7ae3d8) 
thrown [s\src\hotspot\share\interpreter\linkResolver.cpp, line 784]
Event: 4.388 Thread 0x000001b96f549940 Exception <a 'java/lang/NoSuchMethodError'{0x000000008a7b59c8}: 'java.lang.Object java.lang.invoke.DirectMethodHandle$Holder.newInvokeSpecial(java.lang.Object, int, java.lang.Object)'> (0x000000008a7b59c8) 
thrown [s\src\hotspot\share\interpreter\linkResolver.cpp, line 784]
Event: 4.441 Thread 0x000001b96f549940 Exception <a 'java/lang/NoSuchMethodError'{0x000000008a5f6d50}: 'java.lang.Object java.lang.invoke.DirectMethodHandle$Holder.invokeStatic(java.lang.Object, java.lang.Object, java.lang.Object, int, java.lang.Object, java.lang.Object)'> (0x000000008a5f6d50) 
thrown [s\src\hotspot\share\interpreter\linkResolver.cpp, line 784]
Event: 4.442 Thread 0x000001b96f549940 Exception <a 'java/lang/NoSuchMethodError'{0x000000008a5ff060}: 'java.lang.Object java.lang.invoke.DirectMethodHandle$Holder.newInvokeSpecial(java.lang.Object, java.lang.Object, java.lang.Object, int)'> (0x000000008a5ff060) 
thrown [s\src\hotspot\share\interpreter\linkResolver.cpp, line 784]
Event: 4.442 Thread 0x000001b96f549940 Exception <a 'java/lang/NoSuchMethodError'{0x000000008a403818}: 'java.lang.Object java.lang.invoke.DirectMethodHandle$Holder.invokeSpecial(java.lang.Object, java.lang.Object, java.lang.Object, java.lang.Object, int)'> (0x000000008a403818) 
thrown [s\src\hotspot\share\interpreter\linkResolver.cpp, line 784]
Event: 4.442 Thread 0x000001b96f549940 Exception <a 'java/lang/NoSuchMethodError'{0x000000008a4074d0}: 'java.lang.Object java.lang.invoke.Invokers$Holder.linkToTargetMethod(java.lang.Object, java.lang.Object, int, java.lang.Object)'> (0x000000008a4074d0) 
thrown [s\src\hotspot\share\interpreter\linkResolver.cpp, line 784]
Event: 4.567 Thread 0x000001b96f549940 Exception <a 'java/lang/NoSuchMethodError'{0x000000008a05c340}: 'java.lang.Object java.lang.invoke.DirectMethodHandle$Holder.newInvokeSpecial(java.lang.Object, java.lang.Object, java.lang.Object, java.lang.Object, int)'> (0x000000008a05c340) 
thrown [s\src\hotspot\share\interpreter\linkResolver.cpp, line 784]
Event: 4.567 Thread 0x000001b96f549940 Exception <a 'java/lang/NoSuchMethodError'{0x000000008a060748}: 'java.lang.Object java.lang.invoke.DirectMethodHandle$Holder.invokeSpecial(java.lang.Object, java.lang.Object, java.lang.Object, java.lang.Object, java.lang.Object, int)'> (0x000000008a060748) 
thrown [s\src\hotspot\share\interpreter\linkResolver.cpp, line 784]
Event: 4.568 Thread 0x000001b96f549940 Exception <a 'java/lang/NoSuchMethodError'{0x000000008a064478}: 'java.lang.Object java.lang.invoke.Invokers$Holder.linkToTargetMethod(java.lang.Object, java.lang.Object, java.lang.Object, int, java.lang.Object)'> (0x000000008a064478) 
thrown [s\src\hotspot\share\interpreter\linkResolver.cpp, line 784]
Event: 4.915 Thread 0x000001b96f549940 Exception <a 'java/lang/NoSuchMethodError'{0x0000000088b3cfd0}: 'java.lang.Object java.lang.invoke.DirectMethodHandle$Holder.newInvokeSpecial(java.lang.Object, java.lang.Object, java.lang.Object, java.lang.Object, java.lang.Object, java.lang.Object, java.lang.Object, java.lang.Object, java.lang.Object)'> (0x0000000088b3cfd0) 
thrown [s\src\hotspot\share\interpreter\linkResolver.cpp, line 784]
Event: 5.005 Thread 0x000001b96f549940 Exception <a 'java/lang/NoSuchMethodError'{0x0000000088728d18}: 'java.lang.Object java.lang.invoke.DirectMethodHandle$Holder.newInvokeSpecial(java.lang.Object, java.lang.Object, java.lang.Object, java.lang.Object, java.lang.Object, int)'> (0x0000000088728d18) 
thrown [s\src\hotspot\share\interpreter\linkResolver.cpp, line 784]
Event: 5.005 Thread 0x000001b96f549940 Exception <a 'java/lang/NoSuchMethodError'{0x000000008872d490}: 'java.lang.Object java.lang.invoke.DirectMethodHandle$Holder.invokeSpecial(java.lang.Object, java.lang.Object, java.lang.Object, java.lang.Object, java.lang.Object, java.lang.Object, int)'> (0x000000008872d490) 
thrown [s\src\hotspot\share\interpreter\linkResolver.cpp, line 784]
Event: 5.005 Thread 0x000001b96f549940 Exception <a 'java/lang/NoSuchMethodError'{0x0000000088731578}: 'java.lang.Object java.lang.invoke.Invokers$Holder.linkToTargetMethod(java.lang.Object, java.lang.Object, java.lang.Object, java.lang.Object, int, java.lang.Object)'> (0x0000000088731578) 
thrown [s\src\hotspot\share\interpreter\linkResolver.cpp, line 784]

ZGC Phase Switch (0 events):
No events

VM Operations (20 events):
Event: 4.520 Executing VM operation: HandshakeAllThreads (Deoptimize) done
Event: 4.710 Executing VM operation: HandshakeAllThreads (Deoptimize)
Event: 4.710 Executing VM operation: HandshakeAllThreads (Deoptimize) done
Event: 4.714 Executing VM operation: HandshakeAllThreads (Deoptimize)
Event: 4.714 Executing VM operation: HandshakeAllThreads (Deoptimize) done
Event: 4.739 Executing VM operation: ICBufferFull
Event: 4.739 Executing VM operation: ICBufferFull done
Event: 4.947 Executing VM operation: ICBufferFull
Event: 4.947 Executing VM operation: ICBufferFull done
Event: 5.054 Executing VM operation: HandshakeAllThreads (Deoptimize)
Event: 5.054 Executing VM operation: HandshakeAllThreads (Deoptimize) done
Event: 5.067 Executing VM operation: G1CollectForAllocation (G1 Evacuation Pause)
Event: 5.084 Executing VM operation: G1CollectForAllocation (G1 Evacuation Pause) done
Event: 5.223 Executing VM operation: ICBufferFull
Event: 5.224 Executing VM operation: ICBufferFull done
Event: 5.360 Executing VM operation: G1CollectForAllocation (G1 Evacuation Pause)
Event: 5.376 Executing VM operation: G1CollectForAllocation (G1 Evacuation Pause) done
Event: 5.435 Executing VM operation: G1CollectForAllocation (G1 Evacuation Pause)
Event: 5.448 Executing VM operation: G1CollectForAllocation (G1 Evacuation Pause) done
Event: 5.511 Executing VM operation: G1CollectForAllocation (G1 Evacuation Pause)

Memory protections (0 events):
No events

Nmethod flushes (20 events):
Event: 3.941 Thread 0x000001b977b5e0d0 flushing  nmethod 0x000001b900375a90
Event: 3.941 Thread 0x000001b977b5e0d0 flushing  nmethod 0x000001b900376110
Event: 3.941 Thread 0x000001b977b5e0d0 flushing  nmethod 0x000001b900376f90
Event: 3.941 Thread 0x000001b977b5e0d0 flushing  nmethod 0x000001b900377690
Event: 3.941 Thread 0x000001b977b5e0d0 flushing  nmethod 0x000001b900377f10
Event: 3.941 Thread 0x000001b977b5e0d0 flushing  nmethod 0x000001b900378590
Event: 3.941 Thread 0x000001b977b5e0d0 flushing  nmethod 0x000001b90037b090
Event: 3.942 Thread 0x000001b977b5e0d0 flushing  nmethod 0x000001b90037cf90
Event: 3.942 Thread 0x000001b977b5e0d0 flushing  nmethod 0x000001b90037e290
Event: 3.942 Thread 0x000001b977b5e0d0 flushing  nmethod 0x000001b90037f390
Event: 3.942 Thread 0x000001b977b5e0d0 flushing  nmethod 0x000001b900380290
Event: 3.942 Thread 0x000001b977b5e0d0 flushing  nmethod 0x000001b90039bd10
Event: 3.942 Thread 0x000001b977b5e0d0 flushing  nmethod 0x000001b90039c790
Event: 3.942 Thread 0x000001b977b5e0d0 flushing  nmethod 0x000001b9003bd910
Event: 3.942 Thread 0x000001b977b5e0d0 flushing  nmethod 0x000001b9003bdd10
Event: 3.942 Thread 0x000001b977b5e0d0 flushing  nmethod 0x000001b900435610
Event: 3.942 Thread 0x000001b977b5e0d0 flushing  nmethod 0x000001b900441e10
Event: 3.942 Thread 0x000001b977b5e0d0 flushing  nmethod 0x000001b900447f10
Event: 3.942 Thread 0x000001b977b5e0d0 flushing  nmethod 0x000001b90044a890
Event: 3.942 Thread 0x000001b977b5e0d0 flushing  nmethod 0x000001b9004da490

Events (20 events):
Event: 0.062 Thread 0x000001b96f549940 Thread added: 0x000001b97c052610
Event: 0.067 Thread 0x000001b96f549940 Thread added: 0x000001b97c065be0
Event: 0.068 Thread 0x000001b96f549940 Thread added: 0x000001b97c054dc0
Event: 0.069 Thread 0x000001b96f549940 Thread added: 0x000001b97c07f280
Event: 0.069 Thread 0x000001b96f549940 Thread added: 0x000001b97c08e060
Event: 0.069 Thread 0x000001b96f549940 Thread added: 0x000001b97c08e6d0
Event: 0.069 Thread 0x000001b96f549940 Thread added: 0x000001b97c08f4e0
Event: 0.069 Thread 0x000001b96f549940 Thread added: 0x000001b97c0902f0
Event: 0.069 Thread 0x000001b96f549940 Thread added: 0x000001b97c093e90
Event: 0.108 Thread 0x000001b96f549940 Thread added: 0x000001b97c23da30
Event: 0.117 Loaded shared library C:\Program Files\Android\Android Studio\jbr\bin\net.dll
Event: 0.119 Loaded shared library C:\Program Files\Android\Android Studio\jbr\bin\nio.dll
Event: 0.137 Thread 0x000001b97c0902f0 Thread added: 0x000001b97c311950
Event: 0.137 Thread 0x000001b97c0902f0 Thread added: 0x000001b97c312410
Event: 0.146 Loaded shared library C:\Program Files\Android\Android Studio\jbr\bin\zip.dll
Event: 0.184 Loaded shared library C:\Program Files\Android\Android Studio\jbr\bin\jimage.dll
Event: 0.523 Thread 0x000001b97c312410 Thread exited: 0x000001b97c312410
Event: 0.604 Thread 0x000001b97c311950 Thread exited: 0x000001b97c311950
Event: 2.071 Thread 0x000001b97c093e90 Thread added: 0x000001b97d531110
Event: 5.271 Thread 0x000001b97c093e90 Thread added: 0x000001b9119e7a70


Dynamic libraries:
0x00007ff639170000 - 0x00007ff63917a000 	C:\Program Files\Android\Android Studio\jbr\bin\java.exe
0x00007ffaf0840000 - 0x00007ffaf0aa7000 	C:\WINDOWS\SYSTEM32\ntdll.dll
0x00007ffaef110000 - 0x00007ffaef1d9000 	C:\WINDOWS\System32\KERNEL32.DLL
0x00007ffaede80000 - 0x00007ffaee26f000 	C:\WINDOWS\System32\KERNELBASE.dll
0x00007ffaedc70000 - 0x00007ffaeddbb000 	C:\WINDOWS\System32\ucrtbase.dll
0x00007ffaea500000 - 0x00007ffaea51b000 	C:\Program Files\Android\Android Studio\jbr\bin\VCRUNTIME140.dll
0x00007ffade6b0000 - 0x00007ffade6c8000 	C:\Program Files\Android\Android Studio\jbr\bin\jli.dll
0x00007ffaf0630000 - 0x00007ffaf07f5000 	C:\WINDOWS\System32\USER32.dll
0x00007ffad5030000 - 0x00007ffad52c3000 	C:\WINDOWS\WinSxS\amd64_microsoft.windows.common-controls_6595b64144ccf1df_6.0.26100.7309_none_3e05feeae336a044\COMCTL32.dll
0x00007ffaee280000 - 0x00007ffaee2a7000 	C:\WINDOWS\System32\win32u.dll
0x00007ffaef360000 - 0x00007ffaef38b000 	C:\WINDOWS\System32\GDI32.dll
0x00007ffaee640000 - 0x00007ffaee6e9000 	C:\WINDOWS\System32\msvcrt.dll
0x00007ffaee2b0000 - 0x00007ffaee3dc000 	C:\WINDOWS\System32\gdi32full.dll
0x00007ffaed990000 - 0x00007ffaeda33000 	C:\WINDOWS\System32\msvcp_win.dll
0x00007ffaef000000 - 0x00007ffaef031000 	C:\WINDOWS\System32\IMM32.DLL
0x00007ffaea570000 - 0x00007ffaea57c000 	C:\Program Files\Android\Android Studio\jbr\bin\vcruntime140_1.dll
0x00007ffac8be0000 - 0x00007ffac8c6d000 	C:\Program Files\Android\Android Studio\jbr\bin\msvcp140.dll
0x00007ffa90b70000 - 0x00007ffa91806000 	C:\Program Files\Android\Android Studio\jbr\bin\server\jvm.dll
0x00007ffaef2a0000 - 0x00007ffaef354000 	C:\WINDOWS\System32\ADVAPI32.dll
0x00007ffaeeed0000 - 0x00007ffaeef76000 	C:\WINDOWS\System32\sechost.dll
0x00007ffaeff40000 - 0x00007ffaf0058000 	C:\WINDOWS\System32\RPCRT4.dll
0x00007ffaeef80000 - 0x00007ffaeeff4000 	C:\WINDOWS\System32\WS2_32.dll
0x00007ffae6130000 - 0x00007ffae613b000 	C:\WINDOWS\SYSTEM32\VERSION.dll
0x00007ffaed7f0000 - 0x00007ffaed84e000 	C:\WINDOWS\SYSTEM32\POWRPROF.dll
0x00007ffae4640000 - 0x00007ffae4675000 	C:\WINDOWS\SYSTEM32\WINMM.dll
0x00007ffaed7d0000 - 0x00007ffaed7e4000 	C:\WINDOWS\SYSTEM32\UMPDC.dll
0x00007ffaec720000 - 0x00007ffaec73b000 	C:\WINDOWS\SYSTEM32\kernel.appcore.dll
0x00007ffaea490000 - 0x00007ffaea49a000 	C:\Program Files\Android\Android Studio\jbr\bin\jimage.dll
0x00007ffaeaf90000 - 0x00007ffaeb1d2000 	C:\WINDOWS\SYSTEM32\DBGHELP.DLL
0x00007ffaf0160000 - 0x00007ffaf04e5000 	C:\WINDOWS\System32\combase.dll
0x00007ffaefc50000 - 0x00007ffaefd26000 	C:\WINDOWS\System32\OLEAUT32.dll
0x00007ffacc850000 - 0x00007ffacc88c000 	C:\WINDOWS\SYSTEM32\dbgcore.DLL
0x00007ffaedbc0000 - 0x00007ffaedc65000 	C:\WINDOWS\System32\bcryptPrimitives.dll
0x00007ffae9d10000 - 0x00007ffae9d30000 	C:\Program Files\Android\Android Studio\jbr\bin\java.dll
0x00007ffae3c00000 - 0x00007ffae3c18000 	C:\Program Files\Android\Android Studio\jbr\bin\zip.dll
0x00007ffaee6f0000 - 0x00007ffaeee43000 	C:\WINDOWS\System32\SHELL32.dll
0x00007ffaee3e0000 - 0x00007ffaee54a000 	C:\WINDOWS\System32\wintypes.dll
0x00007ffaeb550000 - 0x00007ffaebdae000 	C:\WINDOWS\SYSTEM32\windows.storage.dll
0x00007ffaf0520000 - 0x00007ffaf0615000 	C:\WINDOWS\System32\SHCORE.dll
0x00007ffaef0a0000 - 0x00007ffaef106000 	C:\WINDOWS\System32\shlwapi.dll
0x00007ffaed8b0000 - 0x00007ffaed8d9000 	C:\WINDOWS\SYSTEM32\profapi.dll
0x00007ffae3bf0000 - 0x00007ffae3c00000 	C:\Program Files\Android\Android Studio\jbr\bin\net.dll
0x00007ffae6ca0000 - 0x00007ffae6dc8000 	C:\WINDOWS\SYSTEM32\WINHTTP.dll
0x00007ffaeccb0000 - 0x00007ffaecd1b000 	C:\WINDOWS\system32\mswsock.dll
0x00007ffae3b60000 - 0x00007ffae3b76000 	C:\Program Files\Android\Android Studio\jbr\bin\nio.dll
0x00007ffadf490000 - 0x00007ffadf4a0000 	C:\Program Files\Android\Android Studio\jbr\bin\verify.dll

JVMTI agents: none

dbghelp: loaded successfully - version: 4.0.5 - missing functions: none
symbol engine: initialized successfully - sym options: 0x614 - pdb path: .;C:\Program Files\Android\Android Studio\jbr\bin;C:\WINDOWS\SYSTEM32;C:\WINDOWS\WinSxS\amd64_microsoft.windows.common-controls_6595b64144ccf1df_6.0.26100.7309_none_3e05feeae336a044;C:\Program Files\Android\Android Studio\jbr\bin\server

VM Arguments:
java_command: org.jetbrains.kotlin.cli.jvm.K2JVMCompiler @C:\Users\davic\AndroidStudioProjects\Orbita\app\build\20251216_13582374680082747477.compiler.options
java_class_path (initial): C:\Users\davic\.gradle\caches\modules-2\files-2.1\org.jetbrains.kotlin\kotlin-compiler-embeddable\2.0.21\79346ed53db48b18312a472602eb5c057070c54d\kotlin-compiler-embeddable-2.0.21.jar;C:\Users\davic\.gradle\caches\modules-2\files-2.1\org.jetbrains.kotlin\kotlin-stdlib\2.0.21\618b539767b4899b4660a83006e052b63f1db551\kotlin-stdlib-2.0.21.jar;C:\Users\davic\.gradle\caches\modules-2\files-2.1\org.jetbrains.kotlin\kotlin-script-runtime\2.0.21\c9b044380ad41f89aa89aa896c2d32a8c0b2129d\kotlin-script-runtime-2.0.21.jar;C:\Users\davic\.gradle\caches\modules-2\files-2.1\org.jetbrains.kotlin\kotlin-reflect\1.6.10\1cbe9c92c12a94eea200d23c2bbaedaf3daf5132\kotlin-reflect-1.6.10.jar;C:\Users\davic\.gradle\caches\modules-2\files-2.1\org.jetbrains.kotlin\kotlin-daemon-embeddable\2.0.21\c9e933b23287de9b5a17e2116b4657bb91aea72c\kotlin-daemon-embeddable-2.0.21.jar;C:\Users\davic\.gradle\caches\modules-2\files-2.1\org.jetbrains.intellij.deps\trove4j\1.0.20200330\3afb14d5f9ceb459d724e907a21145e8ff394f02\trove4j-1.0.20200330.jar;C:\Users\davic\.gradle\caches\modules-2\files-2.1\org.jetbrains.kotlinx\kotlinx-coroutines-core-jvm\1.6.4\2c997cd1c0ef33f3e751d3831929aeff1390cb30\kotlinx-coroutines-core-jvm-1.6.4.jar;C:\Users\davic\.gradle\caches\modules-2\files-2.1\org.jetbrains\annotations\13.0\919f0dfe192fb4e063e7dacadee7f8bb9a2672a9\annotations-13.0.jar
Launcher Type: SUN_STANDARD

[Global flags]
     intx CICompilerCount                          = 4                                         {product} {ergonomic}
     uint ConcGCThreads                            = 2                                         {product} {ergonomic}
     uint G1ConcRefinementThreads                  = 8                                         {product} {ergonomic}
   size_t G1HeapRegionSize                         = 1048576                                   {product} {ergonomic}
    uintx GCDrainStackTargetSize                   = 64                                        {product} {ergonomic}
   size_t InitialHeapSize                          = 132120576                                 {product} {ergonomic}
   size_t MarkStackSize                            = 4194304                                   {product} {ergonomic}
   size_t MaxHeapSize                              = 2090860544                                {product} {ergonomic}
   size_t MaxNewSize                               = 1254096896                                {product} {ergonomic}
   size_t MinHeapDeltaBytes                        = 1048576                                   {product} {ergonomic}
   size_t MinHeapSize                              = 8388608                                   {product} {ergonomic}
    uintx NonNMethodCodeHeapSize                   = 5839372                                {pd product} {ergonomic}
    uintx NonProfiledCodeHeapSize                  = 122909434                              {pd product} {ergonomic}
    uintx ProfiledCodeHeapSize                     = 122909434                              {pd product} {ergonomic}
    uintx ReservedCodeCacheSize                    = 251658240                              {pd product} {ergonomic}
     bool SegmentedCodeCache                       = true                                      {product} {ergonomic}
   size_t SoftMaxHeapSize                          = 2090860544                             {manageable} {ergonomic}
     bool UseCompressedOops                        = true                           {product lp64_product} {ergonomic}
     bool UseG1GC                                  = true                                      {product} {ergonomic}
     bool UseLargePagesIndividualAllocation        = false                                  {pd product} {ergonomic}

Logging:
Log output configuration:
 #0: stdout all=warning uptime,level,tags foldmultilines=false
 #1: stderr all=off uptime,level,tags foldmultilines=false

Environment Variables:
JAVA_HOME=C:\Program Files\Microsoft\jdk-21.0.8.9-hotspot\
PATH=C:\Program Files\Eclipse Adoptium\jdk-17.0.17.10-hotspot\bin;C:\Program Files\Microsoft\jdk-21.0.8.9-hotspot\bin;C:\Program Files\Common Files\Oracle\Java\javapath;C:\WINDOWS\system32;C:\WINDOWS;C:\WINDOWS\System32\Wbem;C:\WINDOWS\System32\WindowsPowerShell\v1.0\;C:\WINDOWS\System32\OpenSSH\;C:\Users\davic\AppData\Roaming\Microsoft\Windows\Start Menu\Programs\Python 3.12;C:\Program Files\PowerShell\7-preview\preview;C:\Program Files\dotnet\;C:\Program Files\Git\cmd;C:\WINDOWS\system32\config\systemprofile\AppData\Local\Muse Hub\lib;C:\Program Files\PowerShell\7\;C:\Program Files\Docker\Docker\resources\bin;C:\Users\davic\AppData\Local\Microsoft\WindowsApps;C:\Users\davic\AppData\Local\Programs\Microsoft VS Code\bin;C:\ProgramData\mingw64\bin;C:\Users\davic\AppData\Local\Android\Sdk\platform-tools;
USERNAME=davic
OS=Windows_NT
PROCESSOR_IDENTIFIER=Intel64 Family 6 Model 140 Stepping 1, GenuineIntel
TMP=C:\Users\davic\AppData\Local\Temp
TEMP=C:\Users\davic\AppData\Local\Temp




Periodic native trim disabled

JNI global refs:
JNI global refs: 11, weak refs: 5

JNI global refs memory usage: 835, weak refs: 833

Process memory usage:
Resident Set Size: 318888K (3% of 8166712K total physical memory with 613504K free physical memory)

OOME stack traces (most recent first):
Classloader memory used:
Loader jdk.internal.loader.ClassLoaders$AppClassLoader                                 : 45347K
Loader bootstrap                                                                       : 10833K
Loader java.net.URLClassLoader                                                         : 598K

---------------  S Y S T E M  ---------------

OS:
 Windows 11 , 64 bit Build 26100 (10.0.26100.7309)
OS uptime: 5 days 21:49 hours
Hyper-V role detected

CPU: total 8 (initial active 8) (4 cores per cpu, 2 threads per core) family 6 model 140 stepping 1 microcode 0xaa, cx8, cmov, fxsr, ht, mmx, 3dnowpref, sse, sse2, sse3, ssse3, sse4.1, sse4.2, popcnt, lzcnt, tsc, tscinvbit, avx, avx2, aes, erms, clmul, bmi1, bmi2, adx, avx512f, avx512dq, avx512cd, avx512bw, avx512vl, sha, fma, vzeroupper, avx512_vpopcntdq, avx512_vpclmulqdq, avx512_vaes, avx512_vnni, clflush, clflushopt, clwb, avx512_vbmi2, avx512_vbmi, hv, rdtscp, rdpid, fsrm, gfni, avx512_bitalg, f16c, cet_ibt, cet_ss, avx512_ifma
Processor Information for the first 8 processors :
  Max Mhz: 2419, Current Mhz: 2419, Mhz Limit: 2419

Memory: 4k page, system-wide physical 7975M (598M free)
TotalPageFile size 16167M (AvailPageFile size 65M)
current process WorkingSet (physical memory assigned to process): 311M, peak: 315M
current process commit charge ("private bytes"): 337M, peak: 433M

vm_info: OpenJDK 64-Bit Server VM (21.0.8+-14196175-b1038.72) for windows-amd64 JRE (21.0.8+-14196175-b1038.72), built on 2025-10-01T10:24:33Z by "builder" with MS VC++ 16.10 / 16.11 (VS2019)

END.
